2024-11-23 08:40:02.715 CST [9986] LOG:  starting PostgreSQL 15.10 (Postgres.app) on aarch64-apple-darwin21.6.0, compiled by Apple clang version 14.0.0 (clang-1400.0.29.102), 64-bit
2024-11-23 08:40:02.717 CST [9986] LOG:  listening on IPv6 address "::1", port 5432
2024-11-23 08:40:02.717 CST [9986] LOG:  listening on IPv4 address "127.0.0.1", port 5432
2024-11-23 08:40:02.717 CST [9986] LOG:  listening on Unix socket "/tmp/.s.PGSQL.5432"
2024-11-23 08:40:02.718 CST [9989] LOG:  database system was shut down at 2024-11-23 08:40:02 CST
2024-11-23 08:40:02.719 CST [9986] LOG:  database system is ready to accept connections
2024-11-23 08:45:02.714 CST [9987] LOG:  checkpoint starting: time
2024-11-23 08:48:02.113 CST [10136] ERROR:  syntax error at or near "user" at character 13
2024-11-23 08:48:02.113 CST [10136] STATEMENT:  ALTER TABLE user 
	ADD COLUMN user_id SERIAL PRIMARY KEY,
	ADD COLUMN username VARCHAR(255),
	ADD COLUMN email VARCHAR(255),
	ADD COLUMN password VARCHAR(255),
	ADD COLUMN code VARCHAR(255),
	ADD COLUMN email_verified BOOL
2024-11-23 08:48:16.026 CST [9987] LOG:  checkpoint complete: wrote 1914 buffers (11.7%); 1 WAL file(s) added, 0 removed, 0 recycled; write=193.270 s, sync=0.014 s, total=193.310 s; sync files=616, longest=0.001 s, average=0.001 s; distance=8841 kB, estimate=8841 kB
2024-11-23 08:49:12.686 CST [10136] ERROR:  syntax error at or near "user" at character 13
2024-11-23 08:49:12.686 CST [10136] STATEMENT:  ALTER TABLE user 
	ADD COLUMN user_id SERIAL PRIMARY KEY,
	ADD COLUMN username VARCHAR(255),
	ADD COLUMN email VARCHAR(255),
	ADD COLUMN password VARCHAR(255),
	ADD COLUMN code VARCHAR(255),
	ADD COLUMN email_verified BOOLEAN;
2024-11-23 08:50:02.033 CST [9987] LOG:  checkpoint starting: time
2024-11-23 08:50:06.919 CST [9987] LOG:  checkpoint complete: wrote 49 buffers (0.3%); 0 WAL file(s) added, 0 removed, 0 recycled; write=4.876 s, sync=0.003 s, total=4.886 s; sync files=43, longest=0.001 s, average=0.001 s; distance=201 kB, estimate=7977 kB
2024-11-23 08:53:05.114 CST [10224] ERROR:  syntax error at or near "ADD" at character 179
2024-11-23 08:53:05.114 CST [10224] STATEMENT:  ALTER TABLE activity
	ADD COLUMN activity_id SERIAL PRIMARY KEY,
	ADD COLUMN user_id INTEGER,
	ADD COLUMN activity_name VARCHAR(255),
	ADD COLUMN duration INT,
	ADD COLUMN date Date;
	ADD CONSTRAINT fk_user FOREIGN KEY (user_id) REFERENCES user(user_id)
2024-11-23 08:53:17.266 CST [10224] ERROR:  syntax error at or near "user" at character 235
2024-11-23 08:53:17.266 CST [10224] STATEMENT:  ALTER TABLE activity
	ADD COLUMN activity_id SERIAL PRIMARY KEY,
	ADD COLUMN user_id INTEGER,
	ADD COLUMN activity_name VARCHAR(255),
	ADD COLUMN duration INT,
	ADD COLUMN date Date,
	ADD CONSTRAINT fk_user FOREIGN KEY (user_id) REFERENCES user(user_id);
2024-11-23 08:55:02.935 CST [9987] LOG:  checkpoint starting: time
2024-11-23 08:55:07.731 CST [9987] LOG:  checkpoint complete: wrote 48 buffers (0.3%); 0 WAL file(s) added, 0 removed, 0 recycled; write=4.787 s, sync=0.003 s, total=4.797 s; sync files=38, longest=0.001 s, average=0.001 s; distance=174 kB, estimate=7197 kB
